<?xml version="1.0" encoding="UTF-8"?>
<Site BuildName="(empty)"
	BuildStamp="20240822-0648-Experimental"
	Name="Renzhaofu"
	Generator="ctest-3.16.3"
	CompilerName="/usr/bin/c++"
	CompilerVersion="9.4.0"
	OSName="Linux"
	Hostname="Renzhaofu"
	OSRelease="5.15.0-118-generic"
	OSVersion="#128~20.04.1-Ubuntu SMP Wed Jul 17 13:41:17 UTC 2024"
	OSPlatform="x86_64"
	Is64Bits="1"
	VendorString="GenuineIntel"
	VendorID="Intel Corporation"
	FamilyID="6"
	ModelID="165"
	ProcessorCacheSize="16384"
	NumberOfLogicalCPU="4"
	NumberOfPhysicalCPU="4"
	TotalVirtualMemory="1873"
	TotalPhysicalMemory="3875"
	LogicalProcessorsPerPhysical="1"
	ProcessorClockFrequency="2304"
	>
	<Testing>
		<StartDateTime>Aug 22 14:48 CST</StartDateTime>
		<StartTestTime>1724309283</StartTestTime>
		<TestList/>
		<EndDateTime>Aug 22 14:48 CST</EndDateTime>
		<EndTestTime>1724309283</EndTestTime>
		<ElapsedMinutes>0</ElapsedMinutes>
	</Testing>
</Site>
