<?xml version="1.0" encoding="UTF-8"?>
<Site BuildName="(empty)"
	BuildStamp="20240814-1308-Experimental"
	Name="Renzhaofu"
	Generator="ctest-3.16.3"
	CompilerName="/usr/bin/c++"
	CompilerVersion="9.4.0"
	OSName="Linux"
	Hostname="Renzhaofu"
	OSRelease="5.15.0-117-generic"
	OSVersion="#127~20.04.1-Ubuntu SMP Thu Jul 11 15:36:12 UTC 2024"
	OSPlatform="x86_64"
	Is64Bits="1"
	VendorString="GenuineIntel"
	VendorID="Intel Corporation"
	FamilyID="6"
	ModelID="165"
	ProcessorCacheSize="16384"
	NumberOfLogicalCPU="4"
	NumberOfPhysicalCPU="4"
	TotalVirtualMemory="1873"
	TotalPhysicalMemory="3875"
	LogicalProcessorsPerPhysical="1"
	ProcessorClockFrequency="2304"
	>
	<Testing>
		<StartDateTime>Aug 14 22:05 CST</StartDateTime>
		<StartTestTime>1723644318</StartTestTime>
		<TestList/>
		<EndDateTime>Aug 14 22:05 CST</EndDateTime>
		<EndTestTime>1723644318</EndTestTime>
		<ElapsedMinutes>0</ElapsedMinutes>
	</Testing>
</Site>
